This is pdfTeX, Version 3.141592653-2.6-1.40.25 (MiKTeX 23.5) (preloaded format=pdflatex 2023.8.11)  11 AUG 2023 15:02
entering extended mode
 restricted \write18 enabled.
 file:line:error style messages enabled.
 %&-line parsing enabled.
**./Report.tex
(Report.tex
LaTeX2e <2023-06-01> patch level 1
L3 programming layer <2023-06-30>
(Preamble/Preamble.tex
(C:\Users\Kian\AppData\Local\Programs\MiKTeX\tex/latex/ieeetran\IEEEtran.cls
Document Class: IEEEtran 2015/08/26 V1.8b by Michael Shell
-- See the "IEEEtran_HOWTO" manual for usage information.
-- http://www.michaelshell.org/tex/ieeetran/
\@IEEEtrantmpdimenA=\dimen140
\@IEEEtrantmpdimenB=\dimen141
\@IEEEtrantmpdimenC=\dimen142
\@IEEEtrantmpcountA=\count185
\@IEEEtrantmpcountB=\count186
\@IEEEtrantmpcountC=\count187
\@IEEEtrantmptoksA=\toks17
LaTeX Font Info:    Trying to load font information for OT1+ptm on input line 5
03.
(C:\Users\Kian\AppData\Local\Programs\MiKTeX\tex/latex/psnfss\ot1ptm.fd
File: ot1ptm.fd 2001/06/04 font definitions for OT1/ptm.
)
-- Using 8.5in x 11in (letter) paper.
-- Using PDF output.
\@IEEEnormalsizeunitybaselineskip=\dimen143
-- This is a 10 point document.
\CLASSINFOnormalsizebaselineskip=\dimen144
\CLASSINFOnormalsizeunitybaselineskip=\dimen145
\IEEEnormaljot=\dimen146
LaTeX Font Info:    Font shape `OT1/ptm/bx/n' in size <5> not available
(Font)              Font shape `OT1/ptm/b/n' tried instead on input line 1090.
LaTeX Font Info:    Font shape `OT1/ptm/bx/it' in size <5> not available
(Font)              Font shape `OT1/ptm/b/it' tried instead on input line 1090.

LaTeX Font Info:    Font shape `OT1/ptm/bx/n' in size <7> not available
(Font)              Font shape `OT1/ptm/b/n' tried instead on input line 1090.
LaTeX Font Info:    Font shape `OT1/ptm/bx/it' in size <7> not available
(Font)              Font shape `OT1/ptm/b/it' tried instead on input line 1090.

LaTeX Font Info:    Font shape `OT1/ptm/bx/n' in size <8> not available
(Font)              Font shape `OT1/ptm/b/n' tried instead on input line 1090.
LaTeX Font Info:    Font shape `OT1/ptm/bx/it' in size <8> not available
(Font)              Font shape `OT1/ptm/b/it' tried instead on input line 1090.

LaTeX Font Info:    Font shape `OT1/ptm/bx/n' in size <9> not available
(Font)              Font shape `OT1/ptm/b/n' tried instead on input line 1090.
LaTeX Font Info:    Font shape `OT1/ptm/bx/it' in size <9> not available
(Font)              Font shape `OT1/ptm/b/it' tried instead on input line 1090.

LaTeX Font Info:    Font shape `OT1/ptm/bx/n' in size <10> not available
(Font)              Font shape `OT1/ptm/b/n' tried instead on input line 1090.
LaTeX Font Info:    Font shape `OT1/ptm/bx/it' in size <10> not available
(Font)              Font shape `OT1/ptm/b/it' tried instead on input line 1090.

LaTeX Font Info:    Font shape `OT1/ptm/bx/n' in size <11> not available
(Font)              Font shape `OT1/ptm/b/n' tried instead on input line 1090.
LaTeX Font Info:    Font shape `OT1/ptm/bx/it' in size <11> not available
(Font)              Font shape `OT1/ptm/b/it' tried instead on input line 1090.

LaTeX Font Info:    Font shape `OT1/ptm/bx/n' in size <12> not available
(Font)              Font shape `OT1/ptm/b/n' tried instead on input line 1090.
LaTeX Font Info:    Font shape `OT1/ptm/bx/it' in size <12> not available
(Font)              Font shape `OT1/ptm/b/it' tried instead on input line 1090.

LaTeX Font Info:    Font shape `OT1/ptm/bx/n' in size <17> not available
(Font)              Font shape `OT1/ptm/b/n' tried instead on input line 1090.
LaTeX Font Info:    Font shape `OT1/ptm/bx/it' in size <17> not available
(Font)              Font shape `OT1/ptm/b/it' tried instead on input line 1090.

LaTeX Font Info:    Font shape `OT1/ptm/bx/n' in size <20> not available
(Font)              Font shape `OT1/ptm/b/n' tried instead on input line 1090.
LaTeX Font Info:    Font shape `OT1/ptm/bx/it' in size <20> not available
(Font)              Font shape `OT1/ptm/b/it' tried instead on input line 1090.

LaTeX Font Info:    Font shape `OT1/ptm/bx/n' in size <24> not available
(Font)              Font shape `OT1/ptm/b/n' tried instead on input line 1090.
LaTeX Font Info:    Font shape `OT1/ptm/bx/it' in size <24> not available
(Font)              Font shape `OT1/ptm/b/it' tried instead on input line 1090.

\IEEEquantizedlength=\dimen147
\IEEEquantizedlengthdiff=\dimen148
\IEEEquantizedtextheightdiff=\dimen149
\IEEEilabelindentA=\dimen150
\IEEEilabelindentB=\dimen151
\IEEEilabelindent=\dimen152
\IEEEelabelindent=\dimen153
\IEEEdlabelindent=\dimen154
\IEEElabelindent=\dimen155
\IEEEiednormlabelsep=\dimen156
\IEEEiedmathlabelsep=\dimen157
\IEEEiedtopsep=\skip48
\c@section=\count188
\c@subsection=\count189
\c@subsubsection=\count190
\c@paragraph=\count191
\c@IEEEsubequation=\count192
\abovecaptionskip=\skip49
\belowcaptionskip=\skip50
\c@figure=\count193
\c@table=\count194
\@IEEEeqnnumcols=\count195
\@IEEEeqncolcnt=\count196
\@IEEEsubeqnnumrollback=\count197
\@IEEEquantizeheightA=\dimen158
\@IEEEquantizeheightB=\dimen159
\@IEEEquantizeheightC=\dimen160
\@IEEEquantizeprevdepth=\dimen161
\@IEEEquantizemultiple=\count198
\@IEEEquantizeboxA=\box51
\@IEEEtmpitemindent=\dimen162
\IEEEPARstartletwidth=\dimen163
\c@IEEEbiography=\count199
\@IEEEtranrubishbin=\box52
) (C:\Users\Kian\AppData\Local\Programs\MiKTeX\tex/latex/hyphenat\hyphenat.sty
Package: hyphenat 2009/09/02 v2.3c hyphenation utilities
\langwohyphens=\language79
LaTeX Info: Redefining \_ on input line 43.
) (C:\Users\Kian\AppData\Local\Programs\MiKTeX\tex/latex/graphics\graphicx.sty
Package: graphicx 2021/09/16 v1.2d Enhanced LaTeX Graphics (DPC,SPQR)

(C:\Users\Kian\AppData\Local\Programs\MiKTeX\tex/latex/graphics\keyval.sty
Package: keyval 2022/05/29 v1.15 key=value parser (DPC)
\KV@toks@=\toks18
)
(C:\Users\Kian\AppData\Local\Programs\MiKTeX\tex/latex/graphics\graphics.sty
Package: graphics 2022/03/10 v1.4e Standard LaTeX Graphics (DPC,SPQR)

(C:\Users\Kian\AppData\Local\Programs\MiKTeX\tex/latex/graphics\trig.sty
Package: trig 2021/08/11 v1.11 sin cos tan (DPC)
)
(C:\Users\Kian\AppData\Local\Programs\MiKTeX\tex/latex/graphics-cfg\graphics.cf
g
File: graphics.cfg 2016/06/04 v1.11 sample graphics configuration
)
Package graphics Info: Driver file: pdftex.def on input line 107.

(C:\Users\Kian\AppData\Local\Programs\MiKTeX\tex/latex/graphics-def\pdftex.def
File: pdftex.def 2022/09/22 v1.2b Graphics/color driver for pdftex
))
\Gin@req@height=\dimen164
\Gin@req@width=\dimen165
) (C:\Users\Kian\AppData\Local\Programs\MiKTeX\tex/latex/graphics\color.sty
Package: color 2022/01/06 v1.3d Standard LaTeX Color (DPC)

(C:\Users\Kian\AppData\Local\Programs\MiKTeX\tex/latex/graphics-cfg\color.cfg
File: color.cfg 2016/01/02 v1.6 sample color configuration
)
Package color Info: Driver file: pdftex.def on input line 149.

(C:\Users\Kian\AppData\Local\Programs\MiKTeX\tex/latex/graphics\mathcolor.ltx))
(C:\Users\Kian\AppData\Local\Programs\MiKTeX\tex/latex/caption\caption.sty
Package: caption 2023/03/12 v3.6j Customizing captions (AR)

(C:\Users\Kian\AppData\Local\Programs\MiKTeX\tex/latex/caption\caption3.sty
Package: caption3 2023/03/12 v2.4 caption3 kernel (AR)
\caption@tempdima=\dimen166
\captionmargin=\dimen167
\caption@leftmargin=\dimen168
\caption@rightmargin=\dimen169
\caption@width=\dimen170
\caption@indent=\dimen171
\caption@parindent=\dimen172
\caption@hangindent=\dimen173
Package caption Info: Unknown document class (or package),
(caption)             standard defaults will be used.
Package caption Info: \@makecaption = \long macro:#1#2->\ifx \@captype \@IEEEta
blestring \footnotesize \bgroup \par \centering \@IEEEtabletopskipstrut {\norma
lfont \footnotesize #1}\\{\normalfont \footnotesize \scshape #2}\par \addvspace
 {0.5\baselineskip }\egroup \@IEEEtablecaptionsepspace \else \@IEEEfigurecaptio
nsepspace \setbox \@tempboxa \hbox {\normalfont \footnotesize {#1.}\nobreakspac
e \nobreakspace #2}\ifdim \wd \@tempboxa >\hsize \setbox \@tempboxa \hbox {\nor
malfont \footnotesize {#1.}\nobreakspace \nobreakspace }\parbox [t]{\hsize }{\n
ormalfont \footnotesize \noindent \unhbox \@tempboxa #2}\else \ifCLASSOPTIONcon
ference \hbox to\hsize {\normalfont \footnotesize \hfil \box \@tempboxa \hfil }
\else \hbox to\hsize {\normalfont \footnotesize \box \@tempboxa \hfil }\fi \fi 
\fi  on input line 1176.
)

Package caption Warning: Unknown document class (or package),
(caption)                standard defaults will be used.
See the caption package documentation for explanation.

\c@caption@flags=\count266
\c@continuedfloat=\count267
) (C:\Users\Kian\AppData\Local\Programs\MiKTeX\tex/latex/base\flafter.sty
Package: flafter 2021/07/31 v1.4e Standard LaTeX floats after reference (FMi)
Applying: [2015/01/01] float order in 2-column on input line 49.
Already applied: [0000/00/00] float order in 2-column on input line 151.
)
(C:\Users\Kian\AppData\Local\Programs\MiKTeX\tex/latex/placeins\placeins.sty
Package: placeins 2005/04/18  v 2.2
)
(C:\Users\Kian\AppData\Local\Programs\MiKTeX\tex/latex/cite\cite.sty
LaTeX Info: Redefining \cite on input line 302.
LaTeX Info: Redefining \nocite on input line 332.
Package: cite 2015/02/27  v 5.5
)
(C:\Users\Kian\AppData\Local\Programs\MiKTeX\tex/latex/float\float.sty
Package: float 2001/11/08 v1.3d Float enhancements (AL)
\c@float@type=\count268
\float@exts=\toks19
\float@box=\box53
\@float@everytoks=\toks20
\@floatcapt=\box54
)
\c@author=\count269

(Preamble/TablesAndFigures.tex
\TempFigureLength=\skip51
) (Preamble/Listings.tex
(C:\Users\Kian\AppData\Local\Programs\MiKTeX\tex/latex/base\textcomp.sty
Package: textcomp 2020/02/02 v2.0n Standard LaTeX package
)
(C:\Users\Kian\AppData\Local\Programs\MiKTeX\tex/latex/listings\listings.sty
\lst@mode=\count270
\lst@gtempboxa=\box55
\lst@token=\toks21
\lst@length=\count271
\lst@currlwidth=\dimen174
\lst@column=\count272
\lst@pos=\count273
\lst@lostspace=\dimen175
\lst@width=\dimen176
\lst@newlines=\count274
\lst@lineno=\count275
\lst@maxwidth=\dimen177

(C:\Users\Kian\AppData\Local\Programs\MiKTeX\tex/latex/listings\lstmisc.sty
File: lstmisc.sty 2023/02/27 1.9 (Carsten Heinz)
\c@lstnumber=\count276
\lst@skipnumbers=\count277
\lst@framebox=\box56
)
(C:\Users\Kian\AppData\Local\Programs\MiKTeX\tex/latex/listings\listings.cfg
File: listings.cfg 2023/02/27 1.9 listings configuration
))
Package: listings 2023/02/27 1.9 (Carsten Heinz)

(C:\Users\Kian\AppData\Local\Programs\MiKTeX\tex/latex/listings\lstlang1.sty
File: lstlang1.sty 2023/02/27 1.9 listings language file
)
(C:\Users\Kian\AppData\Local\Programs\MiKTeX\tex/latex/listings\lstlang2.sty
File: lstlang2.sty 2023/02/27 1.9 listings language file
)
(C:\Users\Kian\AppData\Local\Programs\MiKTeX\tex/latex/listings\lstlang3.sty
File: lstlang3.sty 2023/02/27 1.9 listings language file
)
\c@Listing=\count278
\CodeWidth=\skip52
)
(Preamble/HyperRef.tex)
(C:\Users\Kian\AppData\Local\Programs\MiKTeX\tex/latex/hyperref\hyperref.sty
Package: hyperref 2023-07-08 v7.01b Hypertext links for LaTeX

(C:\Users\Kian\AppData\Local\Programs\MiKTeX\tex/generic/ltxcmds\ltxcmds.sty
Package: ltxcmds 2020-05-10 v1.25 LaTeX kernel commands for general use (HO)
)
(C:\Users\Kian\AppData\Local\Programs\MiKTeX\tex/generic/iftex\iftex.sty
Package: iftex 2022/02/03 v1.0f TeX engine tests
)
(C:\Users\Kian\AppData\Local\Programs\MiKTeX\tex/generic/pdftexcmds\pdftexcmds.
sty
Package: pdftexcmds 2020-06-27 v0.33 Utility functions of pdfTeX for LuaTeX (HO
)

(C:\Users\Kian\AppData\Local\Programs\MiKTeX\tex/generic/infwarerr\infwarerr.st
y
Package: infwarerr 2019/12/03 v1.5 Providing info/warning/error messages (HO)
)
Package pdftexcmds Info: \pdf@primitive is available.
Package pdftexcmds Info: \pdf@ifprimitive is available.
Package pdftexcmds Info: \pdfdraftmode found.
)
(C:\Users\Kian\AppData\Local\Programs\MiKTeX\tex/latex/kvsetkeys\kvsetkeys.sty
Package: kvsetkeys 2022-10-05 v1.19 Key value parser (HO)
)
(C:\Users\Kian\AppData\Local\Programs\MiKTeX\tex/generic/kvdefinekeys\kvdefinek
eys.sty
Package: kvdefinekeys 2019-12-19 v1.6 Define keys (HO)
)
(C:\Users\Kian\AppData\Local\Programs\MiKTeX\tex/generic/pdfescape\pdfescape.st
y
Package: pdfescape 2019/12/09 v1.15 Implements pdfTeX's escape features (HO)
) (C:\Users\Kian\AppData\Local\Programs\MiKTeX\tex/latex/hycolor\hycolor.sty
Package: hycolor 2020-01-27 v1.10 Color options for hyperref/bookmark (HO)
)
(C:\Users\Kian\AppData\Local\Programs\MiKTeX\tex/latex/letltxmacro\letltxmacro.
sty
Package: letltxmacro 2019/12/03 v1.6 Let assignment for LaTeX macros (HO)
) (C:\Users\Kian\AppData\Local\Programs\MiKTeX\tex/latex/auxhook\auxhook.sty
Package: auxhook 2019-12-17 v1.6 Hooks for auxiliary files (HO)
) (C:\Users\Kian\AppData\Local\Programs\MiKTeX\tex/latex/hyperref\nameref.sty
Package: nameref 2023-08-07 v2.53 Cross-referencing by name of section

(C:\Users\Kian\AppData\Local\Programs\MiKTeX\tex/latex/refcount\refcount.sty
Package: refcount 2019/12/15 v3.6 Data extraction from label references (HO)
)
(C:\Users\Kian\AppData\Local\Programs\MiKTeX\tex/generic/gettitlestring\gettitl
estring.sty
Package: gettitlestring 2019/12/15 v1.6 Cleanup title references (HO)

(C:\Users\Kian\AppData\Local\Programs\MiKTeX\tex/latex/kvoptions\kvoptions.sty
Package: kvoptions 2022-06-15 v3.15 Key value format for package options (HO)
))
\c@section@level=\count279
) (C:\Users\Kian\AppData\Local\Programs\MiKTeX\tex/latex/etoolbox\etoolbox.sty
Package: etoolbox 2020/10/05 v2.5k e-TeX tools for LaTeX (JAW)
\etb@tempcnta=\count280
)
\@linkdim=\dimen178
\Hy@linkcounter=\count281
\Hy@pagecounter=\count282
 (C:\Users\Kian\AppData\Local\Programs\MiKTeX\tex/latex/hyperref\pd1enc.def
File: pd1enc.def 2023-07-08 v7.01b Hyperref: PDFDocEncoding definition (HO)
Now handling font encoding PD1 ...
... no UTF-8 mapping file for font encoding PD1
)
(C:\Users\Kian\AppData\Local\Programs\MiKTeX\tex/generic/intcalc\intcalc.sty
Package: intcalc 2019/12/15 v1.3 Expandable calculations with integers (HO)
)
\Hy@SavedSpaceFactor=\count283

(C:\Users\Kian\AppData\Local\Programs\MiKTeX\tex/latex/hyperref\puenc.def
File: puenc.def 2023-07-08 v7.01b Hyperref: PDF Unicode definition (HO)
Now handling font encoding PU ...
... no UTF-8 mapping file for font encoding PU
)
Package hyperref Info: Option `bookmarks' set `true' on input line 4050.
Package hyperref Info: Option `bookmarksnumbered' set `true' on input line 4050
.
Package hyperref Info: Option `setpagesize' set `false' on input line 4050.
Package hyperref Info: Option `colorlinks' set `true' on input line 4050.
Package hyperref Info: Hyper figures OFF on input line 4167.
Package hyperref Info: Link nesting OFF on input line 4172.
Package hyperref Info: Hyper index ON on input line 4175.
Package hyperref Info: Plain pages OFF on input line 4182.
Package hyperref Info: Backreferencing OFF on input line 4187.
Package hyperref Info: Implicit mode ON; LaTeX internals redefined.
Package hyperref Info: Bookmarks ON on input line 4434.
\c@Hy@tempcnt=\count284

(C:\Users\Kian\AppData\Local\Programs\MiKTeX\tex/latex/url\url.sty
\Urlmuskip=\muskip16
Package: url 2013/09/16  ver 3.4  Verb mode for urls, etc.
)
LaTeX Info: Redefining \url on input line 4772.
\XeTeXLinkMargin=\dimen179

(C:\Users\Kian\AppData\Local\Programs\MiKTeX\tex/generic/bitset\bitset.sty
Package: bitset 2019/12/09 v1.3 Handle bit-vector datatype (HO)

(C:\Users\Kian\AppData\Local\Programs\MiKTeX\tex/generic/bigintcalc\bigintcalc.
sty
Package: bigintcalc 2019/12/15 v1.5 Expandable calculations on big integers (HO
)
))
\Fld@menulength=\count285
\Field@Width=\dimen180
\Fld@charsize=\dimen181
Package hyperref Info: Hyper figures OFF on input line 6051.
Package hyperref Info: Link nesting OFF on input line 6056.
Package hyperref Info: Hyper index ON on input line 6059.
Package hyperref Info: backreferencing OFF on input line 6066.
Package hyperref Info: Link coloring ON on input line 6069.
Package hyperref Info: Link coloring with OCG OFF on input line 6076.
Package hyperref Info: PDF/A mode OFF on input line 6081.

(C:\Users\Kian\AppData\Local\Programs\MiKTeX\tex/latex/base\atbegshi-ltx.sty
Package: atbegshi-ltx 2021/01/10 v1.0c Emulation of the original atbegshi
package with kernel methods
)
\Hy@abspage=\count286
\c@Item=\count287
\c@Hfootnote=\count288
)
Package hyperref Info: Driver: hpdftex.

(C:\Users\Kian\AppData\Local\Programs\MiKTeX\tex/latex/hyperref\hpdftex.def
File: hpdftex.def 2023-07-08 v7.01b Hyperref driver for pdfTeX

(C:\Users\Kian\AppData\Local\Programs\MiKTeX\tex/latex/base\atveryend-ltx.sty
Package: atveryend-ltx 2020/08/19 v1.0a Emulation of the original atveryend pac
kage
with kernel methods
)
\Fld@listcount=\count289
\c@bookmark@seq@number=\count290

(C:\Users\Kian\AppData\Local\Programs\MiKTeX\tex/latex/rerunfilecheck\rerunfile
check.sty
Package: rerunfilecheck 2022-07-10 v1.10 Rerun checks for auxiliary files (HO)

(C:\Users\Kian\AppData\Local\Programs\MiKTeX\tex/generic/uniquecounter\uniqueco
unter.sty
Package: uniquecounter 2019/12/15 v1.4 Provide unlimited unique counter (HO)
)
Package uniquecounter Info: New unique counter `rerunfilecheck' on input line 2
85.
)
\Hy@SectionHShift=\skip53
))
(C:\Users\Kian\AppData\Local\Programs\MiKTeX\tex/latex/l3backend\l3backend-pdft
ex.def
File: l3backend-pdftex.def 2023-04-19 L3 backend support: PDF output (pdfTeX)
\l__color_backend_stack_int=\count291
\l__pdf_internal_box=\box57
)
(C:/Users\Kian\OneDrive - University of Cape Town\Desktop\uct\3 year\second sem
ester\96\3096_pracs_FRSKIA001_CLRCAM007\Prac1\IEEE_Conference_Template\out\Repo
rt.aux

LaTeX Warning: Label `fig:figure_file_name' multiply defined.

)
\openout1 = `Report.aux'.

LaTeX Font Info:    Checking defaults for OML/cmm/m/it on input line 17.
LaTeX Font Info:    ... okay on input line 17.
LaTeX Font Info:    Checking defaults for OMS/cmsy/m/n on input line 17.
LaTeX Font Info:    ... okay on input line 17.
LaTeX Font Info:    Checking defaults for OT1/cmr/m/n on input line 17.
LaTeX Font Info:    ... okay on input line 17.
LaTeX Font Info:    Checking defaults for T1/cmr/m/n on input line 17.
LaTeX Font Info:    ... okay on input line 17.
LaTeX Font Info:    Checking defaults for TS1/cmr/m/n on input line 17.
LaTeX Font Info:    ... okay on input line 17.
LaTeX Font Info:    Checking defaults for OMX/cmex/m/n on input line 17.
LaTeX Font Info:    ... okay on input line 17.
LaTeX Font Info:    Checking defaults for U/cmr/m/n on input line 17.
LaTeX Font Info:    ... okay on input line 17.
LaTeX Font Info:    Checking defaults for PD1/pdf/m/n on input line 17.
LaTeX Font Info:    ... okay on input line 17.
LaTeX Font Info:    Checking defaults for PU/pdf/m/n on input line 17.
LaTeX Font Info:    ... okay on input line 17.

-- Lines per column: 56 (exact).

(C:\Users\Kian\AppData\Local\Programs\MiKTeX\tex/context/base/mkii\supp-pdf.mki
i
[Loading MPS to PDF converter (version 2006.09.02).]
\scratchcounter=\count292
\scratchdimen=\dimen182
\scratchbox=\box58
\nofMPsegments=\count293
\nofMParguments=\count294
\everyMPshowfont=\toks22
\MPscratchCnt=\count295
\MPscratchDim=\dimen183
\MPnumerator=\count296
\makeMPintoPDFobject=\count297
\everyMPtoPDFconversion=\toks23
)
(C:\Users\Kian\AppData\Local\Programs\MiKTeX\tex/latex/epstopdf-pkg\epstopdf-ba
se.sty
Package: epstopdf-base 2020-01-24 v2.11 Base part for package epstopdf
Package epstopdf-base Info: Redefining graphics rule for `.eps' on input line 4
85.

(C:\Users\Kian\AppData\Local\Programs\MiKTeX\tex/latex/00miktex\epstopdf-sys.cf
g
File: epstopdf-sys.cfg 2021/03/18 v2.0 Configuration of epstopdf for MiKTeX
))
Package caption Info: Begin \AtBeginDocument code.
Package caption Info: float package is loaded.
Package caption Info: hyperref package is loaded.
Package caption Info: listings package is loaded.
Package caption Info: End \AtBeginDocument code.
\c@lstlisting=\count298
Package hyperref Info: Link coloring ON on input line 17.

(C:/Users\Kian\OneDrive - University of Cape Town\Desktop\uct\3 year\second sem
ester\96\3096_pracs_FRSKIA001_CLRCAM007\Prac1\IEEE_Conference_Template\out\Repo
rt.out)
(C:/Users\Kian\OneDrive - University of Cape Town\Desktop\uct\3 year\second sem
ester\96\3096_pracs_FRSKIA001_CLRCAM007\Prac1\IEEE_Conference_Template\out\Repo
rt.out)
\@outlinefile=\write3
\openout3 = `Report.out'.

LaTeX Font Info:    Trying to load font information for TS1+ptm on input line 2
1.
 (C:\Users\Kian\AppData\Local\Programs\MiKTeX\tex/latex/psnfss\ts1ptm.fd
File: ts1ptm.fd 2001/06/04 font definitions for TS1/ptm.
) (FrontMatter/Abstract.tex) (Body/Introduction.tex
Underfull \hbox (badness 1609) in paragraph at lines 2--4
\OT1/ptm/m/n/10 em-u-la-tion, bench-mark-ing, and op-ti-mi-sa-tion in em-bed-de
d
 []

) (Body/Methodology.tex
Body/Methodology.tex:9: Undefined control sequence.
l.9 The \text
             {'data'} and \text{'carrier'} arrays are predefined arrays foun...
The control sequence at the end of the top line
of your error message was never \def'ed. If you have
misspelled it (e.g., `\hobx'), type `I' and the correct
spelling (e.g., `I\hbox'). Otherwise just continue,
and I'll forget about whatever was undefined.

Body/Methodology.tex:9: Undefined control sequence.
l.9 The \text{'data'} and \text
                               {'carrier'} arrays are predefined arrays foun...
The control sequence at the end of the top line
of your error message was never \def'ed. If you have
misspelled it (e.g., `\hobx'), type `I' and the correct
spelling (e.g., `I\hbox'). Otherwise just continue,
and I'll forget about whatever was undefined.

(C:\Users\Kian\AppData\Local\Programs\MiKTeX\tex/latex/listings\lstlang1.sty
File: lstlang1.sty 2023/02/27 1.9 listings language file
)
(C:\Users\Kian\AppData\Local\Programs\MiKTeX\tex/latex/listings\lstmisc.sty
File: lstmisc.sty 2023/02/27 1.9 (Carsten Heinz)
)
LaTeX Font Info:    Trying to load font information for OT1+pcr on input line 1
2.

(C:\Users\Kian\AppData\Local\Programs\MiKTeX\tex/latex/psnfss\ot1pcr.fd
File: ot1pcr.fd 2001/06/04 font definitions for OT1/pcr.
)
LaTeX Font Info:    External font `cmex10' loaded for size
(Font)              <7> on input line 29.
LaTeX Font Info:    External font `cmex10' loaded for size
(Font)              <5> on input line 29.

Underfull \vbox (badness 1102) has occurred while \output is active []



Body/Methodology.tex:40: LaTeX Error: There's no line here to end.

See the LaTeX manual or LaTeX Companion for explanation.
Type  H <return>  for immediate help.
 ...                                              
                                                  
l.40 \newline
             
Your command was ignored.
Type  I <command> <return>  to replace it with another command,
or  <return>  to continue without it.


Body/Methodology.tex:69: LaTeX Error: There's no line here to end.

See the LaTeX manual or LaTeX Companion for explanation.
Type  H <return>  for immediate help.
 ...                                              
                                                  
l.69 \newline
             
Your command was ignored.
Type  I <command> <return>  to replace it with another command,
or  <return>  to continue without it.

[1{C:/Users/Kian/AppData/Local/MiKTeX/fonts/map/pdftex/pdftex.map}{C:/Users/Kia
n/AppData/Local/Programs/MiKTeX/fonts/enc/dvips/base/8r.enc}


]

Body/Methodology.tex:92: LaTeX Error: There's no line here to end.

See the LaTeX manual or LaTeX Companion for explanation.
Type  H <return>  for immediate help.
 ...                                              
                                                  
l.92 \newline
             
Your command was ignored.
Type  I <command> <return>  to replace it with another command,
or  <return>  to continue without it.

LaTeX Font Info:    Trying to load font information for TS1+pcr on input line 1
06.
(C:\Users\Kian\AppData\Local\Programs\MiKTeX\tex/latex/psnfss\ts1pcr.fd
File: ts1pcr.fd 2001/06/04 font definitions for TS1/pcr.
)

Body/Methodology.tex:113: LaTeX Error: There's no line here to end.

See the LaTeX manual or LaTeX Companion for explanation.
Type  H <return>  for immediate help.
 ...                                              
                                                  
l.113 \newline
              
Your command was ignored.
Type  I <command> <return>  to replace it with another command,
or  <return>  to continue without it.

) (Body/Results.tex
LaTeX Font Info:    External font `cmex10' loaded for size
(Font)              <8> on input line 18.
LaTeX Font Info:    External font `cmex10' loaded for size
(Font)              <6> on input line 18.

Underfull \vbox (badness 2443) has occurred while \output is active []



LaTeX Font Warning: Font shape `OT1/ptm/m/scit' undefined
(Font)              using `OT1/ptm/m/it' instead on input line 63.


LaTeX Font Warning: Font shape `OT1/ptm/m/scit' undefined
(Font)              using `OT1/ptm/m/it' instead on input line 63.


Underfull \hbox (badness 2503) in paragraph at lines 65--67
[]\OT1/ptm/m/n/10 The test run with \OT1/ptm/m/it/10 -Os \OT1/ptm/m/n/10 and \O
T1/ptm/m/it/10 -funroll-loops \OT1/ptm/m/n/10 flags was
 []


Underfull \hbox (badness 1354) in paragraph at lines 65--67
\OT1/ptm/m/n/10 the fastest, which ran 38 times faster than the python
 []


Underfull \vbox (badness 10000) has occurred while \output is active []

 [2]

Body/Results.tex:96: LaTeX Error: File `Figures/figure_file_name' not found.

See the LaTeX manual or LaTeX Companion for explanation.
Type  H <return>  for immediate help.
 ...                                              
                                                  
l.96 ...\textwidth]{Figure name}{figure_file_name}
                                                  
I could not locate the file with any of these extensions:
.pdf,.png,.jpg,.mps,.jpeg,.jbig2,.jb2,.PDF,.PNG,.JPG,.JPEG,.JBIG2,.JB2,.eps
Try typing  <return>  to proceed.
If that doesn't work, type  X <return>  to quit.

Package epstopdf Info: Source file: <Figures/C_therding.eps>
(epstopdf)                    date: 2023-08-11 14:35:51
(epstopdf)                    size: 17527 bytes
(epstopdf)             Output file: <Figures/C_therding-eps-converted-to.pdf>
(epstopdf)                    date: 2023-08-11 14:38:07
(epstopdf)                    size: 9791 bytes
(epstopdf)             Command: <miktex-epstopdf --outfile=Figures/C_therding-e
ps-converted-to.pdf Figures/C_therding.eps>
(epstopdf)             \includegraphics on input line 101.
Package epstopdf Info: Output file is already uptodate.


pdfTeX warning: pdflatex (file ./Figures/C_therding-eps-converted-to.pdf): PDF 
inclusion: found PDF version <1.7>, but at most version <1.5> allowed
<Figures/C_therding-eps-converted-to.pdf, id=104, 421.575pt x 316.18124pt>
File: Figures/C_therding-eps-converted-to.pdf Graphic file (type pdf)
<use Figures/C_therding-eps-converted-to.pdf>
Package pdftex.def Info: Figures/C_therding-eps-converted-to.pdf  used on input
 line 101.
(pdftex.def)             Requested size: 258.0pt x 193.50229pt.

Overfull \hbox (6.0pt too wide) in paragraph at lines 101--101
 [] 
 []

Package epstopdf Info: Source file: <Figures/MATLAB_C_Optimization_Flags_non_th
readed.eps>
(epstopdf)                    date: 2023-08-11 14:39:17
(epstopdf)                    size: 17756 bytes
(epstopdf)             Output file: <Figures/MATLAB_C_Optimization_Flags_non_th
readed-eps-converted-to.pdf>
(epstopdf)                    date: 2023-08-11 14:39:26
(epstopdf)                    size: 10175 bytes
(epstopdf)             Command: <miktex-epstopdf --outfile=Figures/MATLAB_C_Opt
imization_Flags_non_threaded-eps-converted-to.pdf Figures/MATLAB_C_Optimization
_Flags_non_threaded.eps>
(epstopdf)             \includegraphics on input line 103.
Package epstopdf Info: Output file is already uptodate.


pdfTeX warning: pdflatex (file ./Figures/MATLAB_C_Optimization_Flags_non_thread
ed-eps-converted-to.pdf): PDF inclusion: found PDF version <1.7>, but at most v
ersion <1.5> allowed
<Figures/MATLAB_C_Optimization_Flags_non_threaded-eps-converted-to.pdf, id=105,
 421.575pt x 316.18124pt>
File: Figures/MATLAB_C_Optimization_Flags_non_threaded-eps-converted-to.pdf Gra
phic file (type pdf)
<use Figures/MATLAB_C_Optimization_Flags_non_threaded-eps-converted-to.pdf>
Package pdftex.def Info: Figures/MATLAB_C_Optimization_Flags_non_threaded-eps-c
onverted-to.pdf  used on input line 103.
(pdftex.def)             Requested size: 258.0pt x 193.50229pt.

Overfull \hbox (6.0pt too wide) in paragraph at lines 103--103
 [] 
 []

Package epstopdf Info: Source file: <Figures/C_unrolled_loops_unthreaded.eps>
(epstopdf)                    date: 2023-08-11 14:44:34
(epstopdf)                    size: 15538 bytes
(epstopdf)             Output file: <Figures/C_unrolled_loops_unthreaded-eps-co
nverted-to.pdf>
(epstopdf)                    date: 2023-08-11 14:48:29
(epstopdf)                    size: 9125 bytes
(epstopdf)             Command: <miktex-epstopdf --outfile=Figures/C_unrolled_l
oops_unthreaded-eps-converted-to.pdf Figures/C_unrolled_loops_unthreaded.eps>
(epstopdf)             \includegraphics on input line 105.
Package epstopdf Info: Output file is already uptodate.


pdfTeX warning: pdflatex (file ./Figures/C_unrolled_loops_unthreaded-eps-conver
ted-to.pdf): PDF inclusion: found PDF version <1.7>, but at most version <1.5> 
allowed
<Figures/C_unrolled_loops_unthreaded-eps-converted-to.pdf, id=106, 421.575pt x 
316.18124pt>
File: Figures/C_unrolled_loops_unthreaded-eps-converted-to.pdf Graphic file (ty
pe pdf)
<use Figures/C_unrolled_loops_unthreaded-eps-converted-to.pdf>
Package pdftex.def Info: Figures/C_unrolled_loops_unthreaded-eps-converted-to.p
df  used on input line 105.
(pdftex.def)             Requested size: 258.0pt x 193.50229pt.

Overfull \hbox (6.0pt too wide) in paragraph at lines 105--105
 [] 
 []

Package epstopdf Info: Source file: <Figures/C_bit_widths_unthreaded.eps>
(epstopdf)                    date: 2023-08-11 14:55:40
(epstopdf)                    size: 16481 bytes
(epstopdf)             Output file: <Figures/C_bit_widths_unthreaded-eps-conver
ted-to.pdf>
(epstopdf)                    date: 2023-08-11 14:58:27
(epstopdf)                    size: 9654 bytes
(epstopdf)             Command: <miktex-epstopdf --outfile=Figures/C_bit_widths
_unthreaded-eps-converted-to.pdf Figures/C_bit_widths_unthreaded.eps>
(epstopdf)             \includegraphics on input line 107.
Package epstopdf Info: Output file is already uptodate.


pdfTeX warning: pdflatex (file ./Figures/C_bit_widths_unthreaded-eps-converted-
to.pdf): PDF inclusion: found PDF version <1.7>, but at most version <1.5> allo
wed
<Figures/C_bit_widths_unthreaded-eps-converted-to.pdf, id=107, 421.575pt x 316.
18124pt>
File: Figures/C_bit_widths_unthreaded-eps-converted-to.pdf Graphic file (type p
df)
<use Figures/C_bit_widths_unthreaded-eps-converted-to.pdf>
Package pdftex.def Info: Figures/C_bit_widths_unthreaded-eps-converted-to.pdf  
used on input line 107.
(pdftex.def)             Requested size: 258.0pt x 193.50229pt.

Overfull \hbox (6.0pt too wide) in paragraph at lines 107--107
 [] 
 []


Underfull \vbox (badness 10000) has occurred while \output is active []

 [3 <./Figures/C_therding-eps-converted-to.pdf> <./Figures/MATLAB_C_Optimizatio
n_Flags_non_threaded-eps-converted-to.pdf> <./Figures/C_unrolled_loops_unthread
ed-eps-converted-to.pdf>]) (Body/Conclusion.tex)
(C:/Users\Kian\OneDrive - University of Cape Town\Desktop\uct\3 year\second sem
ester\96\3096_pracs_FRSKIA001_CLRCAM007\Prac1\IEEE_Conference_Template\out\Repo
rt.bbl)

** Conference Paper **
Before submitting the final camera ready copy, remember to:

 1. Manually equalize the lengths of two columns on the last page
 of your paper;

 2. Ensure that any PostScript and/or PDF output post-processing
 uses only Type 1 fonts and that every step in the generation
 process uses the appropriate paper size.

[4

 <./Figures/C_bit_widths_unthreaded-eps-converted-to.pdf>]
(C:/Users\Kian\OneDrive - University of Cape Town\Desktop\uct\3 year\second sem
ester\96\3096_pracs_FRSKIA001_CLRCAM007\Prac1\IEEE_Conference_Template\out\Repo
rt.aux)
 ***********
LaTeX2e <2023-06-01> patch level 1
L3 programming layer <2023-06-30>
 ***********


LaTeX Warning: There were multiply-defined labels.


Package rerunfilecheck Warning: File `Report.out' has changed.
(rerunfilecheck)                Rerun to get outlines right
(rerunfilecheck)                or use package `bookmark'.

Package rerunfilecheck Info: Checksums for `Report.out':
(rerunfilecheck)             Before: 2B9CEF3BBEB556CA5B0108F231B96005;1263
(rerunfilecheck)             After:  DFEA10228747983E90EDD393B48CB3C5;1253.
 ) 
Here is how much of TeX's memory you used:
 13236 strings out of 475550
 222810 string characters out of 5763005
 1998238 words of memory out of 5000000
 34189 multiletter control sequences out of 15000+600000
 596376 words of font info for 102 fonts, out of 8000000 for 9000
 1141 hyphenation exceptions out of 8191
 84i,9n,85p,474b,1538s stack positions out of 10000i,1000n,20000p,200000b,200000s

pdfTeX warning (dest): name{section*.13} has been referenced but does not exist
, replaced by a fixed one

<C:/Users/Kian/AppData/Local/Programs/MiKTeX/fonts/type1/public/amsfonts/cm/cms
y7.pfb><C:/Users/Kian/AppData/Local/Programs/MiKTeX/fonts/type1/urw/courier/ucr
r8a.pfb><C:/Users/Kian/AppData/Local/Programs/MiKTeX/fonts/type1/urw/courier/uc
rro8a.pfb><C:/Users/Kian/AppData/Local/Programs/MiKTeX/fonts/type1/urw/times/ut
mb8a.pfb><C:/Users/Kian/AppData/Local/Programs/MiKTeX/fonts/type1/urw/times/utm
bi8a.pfb><C:/Users/Kian/AppData/Local/Programs/MiKTeX/fonts/type1/urw/times/utm
r8a.pfb><C:/Users/Kian/AppData/Local/Programs/MiKTeX/fonts/type1/urw/times/utmr
i8a.pfb>
Output written on "C:/Users\Kian\OneDrive - University of Cape Town\Desktop\uct
\3 year\second semester\96\3096_pracs_FRSKIA001_CLRCAM007\Prac1\IEEE_Conference
_Template\out\Report.pdf" (4 pages, 149002 bytes).
PDF statistics:
 216 PDF objects out of 1000 (max. 8388607)
 76 named destinations out of 1000 (max. 500000)
 101 words of extra memory for PDF output out of 10000 (max. 10000000)

