The target system is: Generic - 1 - 
The host system is: Darwin - 21.6.0 - x86_64
Compiling the C compiler identification source file "CMakeCCompilerId.c" succeeded.
Compiler: /opt/local/bin/arm-none-eabi-gcc 
Build flags: 
Id flags: -c 

The output was:
0


Compilation of the C compiler identification source "CMakeCCompilerId.c" produced "CMakeCCompilerId.o"

The C compiler identification is GNU, found in "/Users/cameronclark/Documents/UCT/EEE3096S/3096_pracs_FRSKIA001_CLRCAM007/3096_pracs_FRSKIA001_CLRCAM007/Prac2/Code/cmake-build-debug/CMakeFiles/3.25.2/CompilerIdC/CMakeCCompilerId.o"

Compiling the CXX compiler identification source file "CMakeCXXCompilerId.cpp" succeeded.
Compiler: /opt/local/bin/arm-none-eabi-g++ 
Build flags: 
Id flags: -c 

The output was:
0


Compilation of the CXX compiler identification source "CMakeCXXCompilerId.cpp" produced "CMakeCXXCompilerId.o"

The CXX compiler identification is GNU, found in "/Users/cameronclark/Documents/UCT/EEE3096S/3096_pracs_FRSKIA001_CLRCAM007/3096_pracs_FRSKIA001_CLRCAM007/Prac2/Code/cmake-build-debug/CMakeFiles/3.25.2/CompilerIdCXX/CMakeCXXCompilerId.o"

Checking whether the ASM compiler is GNU using "--version" matched "(GNU assembler)|(GCC)|(Free Software Foundation)":
arm-none-eabi-gcc (GCC) 13.1.0
Copyright (C) 2023 Free Software Foundation, Inc.
This is free software; see the source for copying conditions.  There is NO
warranty; not even for MERCHANTABILITY or FITNESS FOR A PARTICULAR PURPOSE.

Detecting C compiler ABI info compiled with the following output:
Change Dir: /Users/cameronclark/Documents/UCT/EEE3096S/3096_pracs_FRSKIA001_CLRCAM007/3096_pracs_FRSKIA001_CLRCAM007/Prac2/Code/cmake-build-debug/CMakeFiles/CMakeScratch/TryCompile-wPcW0B

Run Build Command(s):/Applications/CLion.app/Contents/bin/ninja/mac/ninja cmTC_3bbe1 && [1/2] Building C object CMakeFiles/cmTC_3bbe1.dir/CMakeCCompilerABI.c.obj
Using built-in specs.
COLLECT_GCC=/opt/local/bin/arm-none-eabi-gcc
Target: arm-none-eabi
Configured with: /opt/local/var/macports/build/_opt_bblocal_var_buildworker_ports_build_ports_cross_arm-none-eabi-gcc/arm-none-eabi-gcc/work/gcc-13.1.0/configure --prefix=/opt/local --target=arm-none-eabi --infodir=/opt/local/share/info --mandir=/opt/local/share/man --datarootdir=/opt/local/share/arm-none-eabi-gcc --with-system-zlib --with-gmp=/opt/local --with-mpfr=/opt/local --with-mpc=/opt/local --enable-stage1-checking --enable-multilib --disable-libcc1 --with-newlib --with-libgloss --enable-interwork --disable-newlib-supplied-syscalls --with-multilib-list=rmprofile --enable-languages=c,c++
Thread model: single
Supported LTO compression algorithms: zlib
gcc version 13.1.0 (GCC) 
COLLECT_GCC_OPTIONS='-fdiagnostics-color=always' '-v' '-o' 'CMakeFiles/cmTC_3bbe1.dir/CMakeCCompilerABI.c.obj' '-c' '-mcpu=arm7tdmi' '-mfloat-abi=soft' '-marm' '-mlibarch=armv4t' '-march=armv4t' '-dumpdir' 'CMakeFiles/cmTC_3bbe1.dir/'
 /opt/local/libexec/gcc/arm-none-eabi/13.1.0/cc1 -quiet -v -D__USES_INITFINI__ /Applications/CLion.app/Contents/bin/cmake/mac/share/cmake-3.25/Modules/CMakeCCompilerABI.c -quiet -dumpdir CMakeFiles/cmTC_3bbe1.dir/ -dumpbase CMakeCCompilerABI.c.c -dumpbase-ext .c -mcpu=arm7tdmi -mfloat-abi=soft -marm -mlibarch=armv4t -march=armv4t -version -fdiagnostics-color=always -o /var/folders/rj/9n9dpytj2n74_jwlj_p0xk9m0000gn/T//ccYzKS3S.s
GNU C17 (GCC) version 13.1.0 (arm-none-eabi)
	compiled by GNU C version Apple LLVM 14.0.0 (clang-1400.0.29.102), GMP version 6.2.1, MPFR version 4.2.0, MPC version 1.3.1, isl version isl-0.24-GMP

GGC heuristics: --param ggc-min-expand=100 --param ggc-min-heapsize=131072
ignoring nonexistent directory "/opt/local/lib/gcc/arm-none-eabi/13.1.0/../../../../arm-none-eabi/sys-include"
#include "..." search starts here:
#include <...> search starts here:
 /opt/local/lib/gcc/arm-none-eabi/13.1.0/include
 /opt/local/lib/gcc/arm-none-eabi/13.1.0/include-fixed
 /opt/local/lib/gcc/arm-none-eabi/13.1.0/../../../../arm-none-eabi/include
End of search list.
Compiler executable checksum: dfbe48cd9f7f7b5634678f078cc6fc7c
COLLECT_GCC_OPTIONS='-fdiagnostics-color=always' '-v' '-o' 'CMakeFiles/cmTC_3bbe1.dir/CMakeCCompilerABI.c.obj' '-c' '-mcpu=arm7tdmi' '-mfloat-abi=soft' '-marm' '-mlibarch=armv4t' '-march=armv4t' '-dumpdir' 'CMakeFiles/cmTC_3bbe1.dir/'
 /opt/local/lib/gcc/arm-none-eabi/13.1.0/../../../../arm-none-eabi/bin/as -march=armv4t -mfloat-abi=soft -meabi=5 -o CMakeFiles/cmTC_3bbe1.dir/CMakeCCompilerABI.c.obj /var/folders/rj/9n9dpytj2n74_jwlj_p0xk9m0000gn/T//ccYzKS3S.s
COMPILER_PATH=/opt/local/libexec/gcc/arm-none-eabi/13.1.0/:/opt/local/libexec/gcc/arm-none-eabi/13.1.0/:/opt/local/libexec/gcc/arm-none-eabi/:/opt/local/lib/gcc/arm-none-eabi/13.1.0/:/opt/local/lib/gcc/arm-none-eabi/:/opt/local/lib/gcc/arm-none-eabi/13.1.0/../../../../arm-none-eabi/bin/
LIBRARY_PATH=/opt/local/lib/gcc/arm-none-eabi/13.1.0/:/opt/local/lib/gcc/arm-none-eabi/13.1.0/../../../../arm-none-eabi/lib/
COLLECT_GCC_OPTIONS='-fdiagnostics-color=always' '-v' '-o' 'CMakeFiles/cmTC_3bbe1.dir/CMakeCCompilerABI.c.obj' '-c' '-mcpu=arm7tdmi' '-mfloat-abi=soft' '-marm' '-mlibarch=armv4t' '-march=armv4t' '-dumpdir' 'CMakeFiles/cmTC_3bbe1.dir/CMakeCCompilerABI.c.'
[2/2] Linking C static library libcmTC_3bbe1.a



Parsed C implicit include dir info from above output: rv=done
  found start of include info
  found start of implicit include info
    add: [/opt/local/lib/gcc/arm-none-eabi/13.1.0/include]
    add: [/opt/local/lib/gcc/arm-none-eabi/13.1.0/include-fixed]
    add: [/opt/local/lib/gcc/arm-none-eabi/13.1.0/../../../../arm-none-eabi/include]
  end of search list found
  collapse include dir [/opt/local/lib/gcc/arm-none-eabi/13.1.0/include] ==> [/opt/local/lib/gcc/arm-none-eabi/13.1.0/include]
  collapse include dir [/opt/local/lib/gcc/arm-none-eabi/13.1.0/include-fixed] ==> [/opt/local/lib/gcc/arm-none-eabi/13.1.0/include-fixed]
  collapse include dir [/opt/local/lib/gcc/arm-none-eabi/13.1.0/../../../../arm-none-eabi/include] ==> [/opt/local/arm-none-eabi/include]
  implicit include dirs: [/opt/local/lib/gcc/arm-none-eabi/13.1.0/include;/opt/local/lib/gcc/arm-none-eabi/13.1.0/include-fixed;/opt/local/arm-none-eabi/include]


Parsed C implicit link information from above output:
  link line regex: [^( *|.*[/\])(arm-none-eabi-ld|CMAKE_LINK_STARTFILE-NOTFOUND|([^/\]+-)?ld|collect2)[^/\]*( |$)]
  ignore line: [Change Dir: /Users/cameronclark/Documents/UCT/EEE3096S/3096_pracs_FRSKIA001_CLRCAM007/3096_pracs_FRSKIA001_CLRCAM007/Prac2/Code/cmake-build-debug/CMakeFiles/CMakeScratch/TryCompile-wPcW0B]
  ignore line: []
  ignore line: [Run Build Command(s):/Applications/CLion.app/Contents/bin/ninja/mac/ninja cmTC_3bbe1 && [1/2] Building C object CMakeFiles/cmTC_3bbe1.dir/CMakeCCompilerABI.c.obj]
  ignore line: [Using built-in specs.]
  ignore line: [COLLECT_GCC=/opt/local/bin/arm-none-eabi-gcc]
  ignore line: [Target: arm-none-eabi]
  ignore line: [Configured with: /opt/local/var/macports/build/_opt_bblocal_var_buildworker_ports_build_ports_cross_arm-none-eabi-gcc/arm-none-eabi-gcc/work/gcc-13.1.0/configure --prefix=/opt/local --target=arm-none-eabi --infodir=/opt/local/share/info --mandir=/opt/local/share/man --datarootdir=/opt/local/share/arm-none-eabi-gcc --with-system-zlib --with-gmp=/opt/local --with-mpfr=/opt/local --with-mpc=/opt/local --enable-stage1-checking --enable-multilib --disable-libcc1 --with-newlib --with-libgloss --enable-interwork --disable-newlib-supplied-syscalls --with-multilib-list=rmprofile --enable-languages=c c++]
  ignore line: [Thread model: single]
  ignore line: [Supported LTO compression algorithms: zlib]
  ignore line: [gcc version 13.1.0 (GCC) ]
  ignore line: [COLLECT_GCC_OPTIONS='-fdiagnostics-color=always' '-v' '-o' 'CMakeFiles/cmTC_3bbe1.dir/CMakeCCompilerABI.c.obj' '-c' '-mcpu=arm7tdmi' '-mfloat-abi=soft' '-marm' '-mlibarch=armv4t' '-march=armv4t' '-dumpdir' 'CMakeFiles/cmTC_3bbe1.dir/']
  ignore line: [ /opt/local/libexec/gcc/arm-none-eabi/13.1.0/cc1 -quiet -v -D__USES_INITFINI__ /Applications/CLion.app/Contents/bin/cmake/mac/share/cmake-3.25/Modules/CMakeCCompilerABI.c -quiet -dumpdir CMakeFiles/cmTC_3bbe1.dir/ -dumpbase CMakeCCompilerABI.c.c -dumpbase-ext .c -mcpu=arm7tdmi -mfloat-abi=soft -marm -mlibarch=armv4t -march=armv4t -version -fdiagnostics-color=always -o /var/folders/rj/9n9dpytj2n74_jwlj_p0xk9m0000gn/T//ccYzKS3S.s]
  ignore line: [GNU C17 (GCC) version 13.1.0 (arm-none-eabi)]
  ignore line: [	compiled by GNU C version Apple LLVM 14.0.0 (clang-1400.0.29.102)  GMP version 6.2.1  MPFR version 4.2.0  MPC version 1.3.1  isl version isl-0.24-GMP]
  ignore line: []
  ignore line: [GGC heuristics: --param ggc-min-expand=100 --param ggc-min-heapsize=131072]
  ignore line: [ignoring nonexistent directory "/opt/local/lib/gcc/arm-none-eabi/13.1.0/../../../../arm-none-eabi/sys-include"]
  ignore line: [#include "..." search starts here:]
  ignore line: [#include <...> search starts here:]
  ignore line: [ /opt/local/lib/gcc/arm-none-eabi/13.1.0/include]
  ignore line: [ /opt/local/lib/gcc/arm-none-eabi/13.1.0/include-fixed]
  ignore line: [ /opt/local/lib/gcc/arm-none-eabi/13.1.0/../../../../arm-none-eabi/include]
  ignore line: [End of search list.]
  ignore line: [Compiler executable checksum: dfbe48cd9f7f7b5634678f078cc6fc7c]
  ignore line: [COLLECT_GCC_OPTIONS='-fdiagnostics-color=always' '-v' '-o' 'CMakeFiles/cmTC_3bbe1.dir/CMakeCCompilerABI.c.obj' '-c' '-mcpu=arm7tdmi' '-mfloat-abi=soft' '-marm' '-mlibarch=armv4t' '-march=armv4t' '-dumpdir' 'CMakeFiles/cmTC_3bbe1.dir/']
  ignore line: [ /opt/local/lib/gcc/arm-none-eabi/13.1.0/../../../../arm-none-eabi/bin/as -march=armv4t -mfloat-abi=soft -meabi=5 -o CMakeFiles/cmTC_3bbe1.dir/CMakeCCompilerABI.c.obj /var/folders/rj/9n9dpytj2n74_jwlj_p0xk9m0000gn/T//ccYzKS3S.s]
  ignore line: [COMPILER_PATH=/opt/local/libexec/gcc/arm-none-eabi/13.1.0/:/opt/local/libexec/gcc/arm-none-eabi/13.1.0/:/opt/local/libexec/gcc/arm-none-eabi/:/opt/local/lib/gcc/arm-none-eabi/13.1.0/:/opt/local/lib/gcc/arm-none-eabi/:/opt/local/lib/gcc/arm-none-eabi/13.1.0/../../../../arm-none-eabi/bin/]
  ignore line: [LIBRARY_PATH=/opt/local/lib/gcc/arm-none-eabi/13.1.0/:/opt/local/lib/gcc/arm-none-eabi/13.1.0/../../../../arm-none-eabi/lib/]
  ignore line: [COLLECT_GCC_OPTIONS='-fdiagnostics-color=always' '-v' '-o' 'CMakeFiles/cmTC_3bbe1.dir/CMakeCCompilerABI.c.obj' '-c' '-mcpu=arm7tdmi' '-mfloat-abi=soft' '-marm' '-mlibarch=armv4t' '-march=armv4t' '-dumpdir' 'CMakeFiles/cmTC_3bbe1.dir/CMakeCCompilerABI.c.']
  ignore line: [[2/2] Linking C static library libcmTC_3bbe1.a]
  ignore line: []
  ignore line: []
  implicit libs: []
  implicit objs: []
  implicit dirs: []
  implicit fwks: []


Detecting CXX compiler ABI info compiled with the following output:
Change Dir: /Users/cameronclark/Documents/UCT/EEE3096S/3096_pracs_FRSKIA001_CLRCAM007/3096_pracs_FRSKIA001_CLRCAM007/Prac2/Code/cmake-build-debug/CMakeFiles/CMakeScratch/TryCompile-tB2jjj

Run Build Command(s):/Applications/CLion.app/Contents/bin/ninja/mac/ninja cmTC_9c20d && [1/2] Building CXX object CMakeFiles/cmTC_9c20d.dir/CMakeCXXCompilerABI.cpp.obj
Using built-in specs.
COLLECT_GCC=/opt/local/bin/arm-none-eabi-g++
Target: arm-none-eabi
Configured with: /opt/local/var/macports/build/_opt_bblocal_var_buildworker_ports_build_ports_cross_arm-none-eabi-gcc/arm-none-eabi-gcc/work/gcc-13.1.0/configure --prefix=/opt/local --target=arm-none-eabi --infodir=/opt/local/share/info --mandir=/opt/local/share/man --datarootdir=/opt/local/share/arm-none-eabi-gcc --with-system-zlib --with-gmp=/opt/local --with-mpfr=/opt/local --with-mpc=/opt/local --enable-stage1-checking --enable-multilib --disable-libcc1 --with-newlib --with-libgloss --enable-interwork --disable-newlib-supplied-syscalls --with-multilib-list=rmprofile --enable-languages=c,c++
Thread model: single
Supported LTO compression algorithms: zlib
gcc version 13.1.0 (GCC) 
COLLECT_GCC_OPTIONS='-fdiagnostics-color=always' '-v' '-o' 'CMakeFiles/cmTC_9c20d.dir/CMakeCXXCompilerABI.cpp.obj' '-c' '-mcpu=arm7tdmi' '-mfloat-abi=soft' '-marm' '-mlibarch=armv4t' '-march=armv4t' '-dumpdir' 'CMakeFiles/cmTC_9c20d.dir/'
 /opt/local/libexec/gcc/arm-none-eabi/13.1.0/cc1plus -quiet -v -D__USES_INITFINI__ /Applications/CLion.app/Contents/bin/cmake/mac/share/cmake-3.25/Modules/CMakeCXXCompilerABI.cpp -quiet -dumpdir CMakeFiles/cmTC_9c20d.dir/ -dumpbase CMakeCXXCompilerABI.cpp.cpp -dumpbase-ext .cpp -mcpu=arm7tdmi -mfloat-abi=soft -marm -mlibarch=armv4t -march=armv4t -version -fdiagnostics-color=always -o /var/folders/rj/9n9dpytj2n74_jwlj_p0xk9m0000gn/T//ccZfRhZn.s
GNU C++17 (GCC) version 13.1.0 (arm-none-eabi)
	compiled by GNU C version Apple LLVM 14.0.0 (clang-1400.0.29.102), GMP version 6.2.1, MPFR version 4.2.0, MPC version 1.3.1, isl version isl-0.24-GMP

GGC heuristics: --param ggc-min-expand=100 --param ggc-min-heapsize=131072
ignoring nonexistent directory "/opt/local/lib/gcc/arm-none-eabi/13.1.0/../../../../arm-none-eabi/sys-include"
#include "..." search starts here:
#include <...> search starts here:
 /opt/local/lib/gcc/arm-none-eabi/13.1.0/../../../../arm-none-eabi/include/c++/13.1.0
 /opt/local/lib/gcc/arm-none-eabi/13.1.0/../../../../arm-none-eabi/include/c++/13.1.0/arm-none-eabi
 /opt/local/lib/gcc/arm-none-eabi/13.1.0/../../../../arm-none-eabi/include/c++/13.1.0/backward
 /opt/local/lib/gcc/arm-none-eabi/13.1.0/include
 /opt/local/lib/gcc/arm-none-eabi/13.1.0/include-fixed
 /opt/local/lib/gcc/arm-none-eabi/13.1.0/../../../../arm-none-eabi/include
End of search list.
Compiler executable checksum: 57bf912dfaf85daca206040bd8fbea4c
COLLECT_GCC_OPTIONS='-fdiagnostics-color=always' '-v' '-o' 'CMakeFiles/cmTC_9c20d.dir/CMakeCXXCompilerABI.cpp.obj' '-c' '-mcpu=arm7tdmi' '-mfloat-abi=soft' '-marm' '-mlibarch=armv4t' '-march=armv4t' '-dumpdir' 'CMakeFiles/cmTC_9c20d.dir/'
 /opt/local/lib/gcc/arm-none-eabi/13.1.0/../../../../arm-none-eabi/bin/as -march=armv4t -mfloat-abi=soft -meabi=5 -o CMakeFiles/cmTC_9c20d.dir/CMakeCXXCompilerABI.cpp.obj /var/folders/rj/9n9dpytj2n74_jwlj_p0xk9m0000gn/T//ccZfRhZn.s
COMPILER_PATH=/opt/local/libexec/gcc/arm-none-eabi/13.1.0/:/opt/local/libexec/gcc/arm-none-eabi/13.1.0/:/opt/local/libexec/gcc/arm-none-eabi/:/opt/local/lib/gcc/arm-none-eabi/13.1.0/:/opt/local/lib/gcc/arm-none-eabi/:/opt/local/lib/gcc/arm-none-eabi/13.1.0/../../../../arm-none-eabi/bin/
LIBRARY_PATH=/opt/local/lib/gcc/arm-none-eabi/13.1.0/:/opt/local/lib/gcc/arm-none-eabi/13.1.0/../../../../arm-none-eabi/lib/
COLLECT_GCC_OPTIONS='-fdiagnostics-color=always' '-v' '-o' 'CMakeFiles/cmTC_9c20d.dir/CMakeCXXCompilerABI.cpp.obj' '-c' '-mcpu=arm7tdmi' '-mfloat-abi=soft' '-marm' '-mlibarch=armv4t' '-march=armv4t' '-dumpdir' 'CMakeFiles/cmTC_9c20d.dir/CMakeCXXCompilerABI.cpp.'
[2/2] Linking CXX static library libcmTC_9c20d.a



Parsed CXX implicit include dir info from above output: rv=done
  found start of include info
  found start of implicit include info
    add: [/opt/local/lib/gcc/arm-none-eabi/13.1.0/../../../../arm-none-eabi/include/c++/13.1.0]
    add: [/opt/local/lib/gcc/arm-none-eabi/13.1.0/../../../../arm-none-eabi/include/c++/13.1.0/arm-none-eabi]
    add: [/opt/local/lib/gcc/arm-none-eabi/13.1.0/../../../../arm-none-eabi/include/c++/13.1.0/backward]
    add: [/opt/local/lib/gcc/arm-none-eabi/13.1.0/include]
    add: [/opt/local/lib/gcc/arm-none-eabi/13.1.0/include-fixed]
    add: [/opt/local/lib/gcc/arm-none-eabi/13.1.0/../../../../arm-none-eabi/include]
  end of search list found
  collapse include dir [/opt/local/lib/gcc/arm-none-eabi/13.1.0/../../../../arm-none-eabi/include/c++/13.1.0] ==> [/opt/local/arm-none-eabi/include/c++/13.1.0]
  collapse include dir [/opt/local/lib/gcc/arm-none-eabi/13.1.0/../../../../arm-none-eabi/include/c++/13.1.0/arm-none-eabi] ==> [/opt/local/arm-none-eabi/include/c++/13.1.0/arm-none-eabi]
  collapse include dir [/opt/local/lib/gcc/arm-none-eabi/13.1.0/../../../../arm-none-eabi/include/c++/13.1.0/backward] ==> [/opt/local/arm-none-eabi/include/c++/13.1.0/backward]
  collapse include dir [/opt/local/lib/gcc/arm-none-eabi/13.1.0/include] ==> [/opt/local/lib/gcc/arm-none-eabi/13.1.0/include]
  collapse include dir [/opt/local/lib/gcc/arm-none-eabi/13.1.0/include-fixed] ==> [/opt/local/lib/gcc/arm-none-eabi/13.1.0/include-fixed]
  collapse include dir [/opt/local/lib/gcc/arm-none-eabi/13.1.0/../../../../arm-none-eabi/include] ==> [/opt/local/arm-none-eabi/include]
  implicit include dirs: [/opt/local/arm-none-eabi/include/c++/13.1.0;/opt/local/arm-none-eabi/include/c++/13.1.0/arm-none-eabi;/opt/local/arm-none-eabi/include/c++/13.1.0/backward;/opt/local/lib/gcc/arm-none-eabi/13.1.0/include;/opt/local/lib/gcc/arm-none-eabi/13.1.0/include-fixed;/opt/local/arm-none-eabi/include]


Parsed CXX implicit link information from above output:
  link line regex: [^( *|.*[/\])(arm-none-eabi-ld|CMAKE_LINK_STARTFILE-NOTFOUND|([^/\]+-)?ld|collect2)[^/\]*( |$)]
  ignore line: [Change Dir: /Users/cameronclark/Documents/UCT/EEE3096S/3096_pracs_FRSKIA001_CLRCAM007/3096_pracs_FRSKIA001_CLRCAM007/Prac2/Code/cmake-build-debug/CMakeFiles/CMakeScratch/TryCompile-tB2jjj]
  ignore line: []
  ignore line: [Run Build Command(s):/Applications/CLion.app/Contents/bin/ninja/mac/ninja cmTC_9c20d && [1/2] Building CXX object CMakeFiles/cmTC_9c20d.dir/CMakeCXXCompilerABI.cpp.obj]
  ignore line: [Using built-in specs.]
  ignore line: [COLLECT_GCC=/opt/local/bin/arm-none-eabi-g++]
  ignore line: [Target: arm-none-eabi]
  ignore line: [Configured with: /opt/local/var/macports/build/_opt_bblocal_var_buildworker_ports_build_ports_cross_arm-none-eabi-gcc/arm-none-eabi-gcc/work/gcc-13.1.0/configure --prefix=/opt/local --target=arm-none-eabi --infodir=/opt/local/share/info --mandir=/opt/local/share/man --datarootdir=/opt/local/share/arm-none-eabi-gcc --with-system-zlib --with-gmp=/opt/local --with-mpfr=/opt/local --with-mpc=/opt/local --enable-stage1-checking --enable-multilib --disable-libcc1 --with-newlib --with-libgloss --enable-interwork --disable-newlib-supplied-syscalls --with-multilib-list=rmprofile --enable-languages=c c++]
  ignore line: [Thread model: single]
  ignore line: [Supported LTO compression algorithms: zlib]
  ignore line: [gcc version 13.1.0 (GCC) ]
  ignore line: [COLLECT_GCC_OPTIONS='-fdiagnostics-color=always' '-v' '-o' 'CMakeFiles/cmTC_9c20d.dir/CMakeCXXCompilerABI.cpp.obj' '-c' '-mcpu=arm7tdmi' '-mfloat-abi=soft' '-marm' '-mlibarch=armv4t' '-march=armv4t' '-dumpdir' 'CMakeFiles/cmTC_9c20d.dir/']
  ignore line: [ /opt/local/libexec/gcc/arm-none-eabi/13.1.0/cc1plus -quiet -v -D__USES_INITFINI__ /Applications/CLion.app/Contents/bin/cmake/mac/share/cmake-3.25/Modules/CMakeCXXCompilerABI.cpp -quiet -dumpdir CMakeFiles/cmTC_9c20d.dir/ -dumpbase CMakeCXXCompilerABI.cpp.cpp -dumpbase-ext .cpp -mcpu=arm7tdmi -mfloat-abi=soft -marm -mlibarch=armv4t -march=armv4t -version -fdiagnostics-color=always -o /var/folders/rj/9n9dpytj2n74_jwlj_p0xk9m0000gn/T//ccZfRhZn.s]
  ignore line: [GNU C++17 (GCC) version 13.1.0 (arm-none-eabi)]
  ignore line: [	compiled by GNU C version Apple LLVM 14.0.0 (clang-1400.0.29.102)  GMP version 6.2.1  MPFR version 4.2.0  MPC version 1.3.1  isl version isl-0.24-GMP]
  ignore line: []
  ignore line: [GGC heuristics: --param ggc-min-expand=100 --param ggc-min-heapsize=131072]
  ignore line: [ignoring nonexistent directory "/opt/local/lib/gcc/arm-none-eabi/13.1.0/../../../../arm-none-eabi/sys-include"]
  ignore line: [#include "..." search starts here:]
  ignore line: [#include <...> search starts here:]
  ignore line: [ /opt/local/lib/gcc/arm-none-eabi/13.1.0/../../../../arm-none-eabi/include/c++/13.1.0]
  ignore line: [ /opt/local/lib/gcc/arm-none-eabi/13.1.0/../../../../arm-none-eabi/include/c++/13.1.0/arm-none-eabi]
  ignore line: [ /opt/local/lib/gcc/arm-none-eabi/13.1.0/../../../../arm-none-eabi/include/c++/13.1.0/backward]
  ignore line: [ /opt/local/lib/gcc/arm-none-eabi/13.1.0/include]
  ignore line: [ /opt/local/lib/gcc/arm-none-eabi/13.1.0/include-fixed]
  ignore line: [ /opt/local/lib/gcc/arm-none-eabi/13.1.0/../../../../arm-none-eabi/include]
  ignore line: [End of search list.]
  ignore line: [Compiler executable checksum: 57bf912dfaf85daca206040bd8fbea4c]
  ignore line: [COLLECT_GCC_OPTIONS='-fdiagnostics-color=always' '-v' '-o' 'CMakeFiles/cmTC_9c20d.dir/CMakeCXXCompilerABI.cpp.obj' '-c' '-mcpu=arm7tdmi' '-mfloat-abi=soft' '-marm' '-mlibarch=armv4t' '-march=armv4t' '-dumpdir' 'CMakeFiles/cmTC_9c20d.dir/']
  ignore line: [ /opt/local/lib/gcc/arm-none-eabi/13.1.0/../../../../arm-none-eabi/bin/as -march=armv4t -mfloat-abi=soft -meabi=5 -o CMakeFiles/cmTC_9c20d.dir/CMakeCXXCompilerABI.cpp.obj /var/folders/rj/9n9dpytj2n74_jwlj_p0xk9m0000gn/T//ccZfRhZn.s]
  ignore line: [COMPILER_PATH=/opt/local/libexec/gcc/arm-none-eabi/13.1.0/:/opt/local/libexec/gcc/arm-none-eabi/13.1.0/:/opt/local/libexec/gcc/arm-none-eabi/:/opt/local/lib/gcc/arm-none-eabi/13.1.0/:/opt/local/lib/gcc/arm-none-eabi/:/opt/local/lib/gcc/arm-none-eabi/13.1.0/../../../../arm-none-eabi/bin/]
  ignore line: [LIBRARY_PATH=/opt/local/lib/gcc/arm-none-eabi/13.1.0/:/opt/local/lib/gcc/arm-none-eabi/13.1.0/../../../../arm-none-eabi/lib/]
  ignore line: [COLLECT_GCC_OPTIONS='-fdiagnostics-color=always' '-v' '-o' 'CMakeFiles/cmTC_9c20d.dir/CMakeCXXCompilerABI.cpp.obj' '-c' '-mcpu=arm7tdmi' '-mfloat-abi=soft' '-marm' '-mlibarch=armv4t' '-march=armv4t' '-dumpdir' 'CMakeFiles/cmTC_9c20d.dir/CMakeCXXCompilerABI.cpp.']
  ignore line: [[2/2] Linking CXX static library libcmTC_9c20d.a]
  ignore line: []
  ignore line: []
  implicit libs: []
  implicit objs: []
  implicit dirs: []
  implicit fwks: []


